<?xml version="1.0" encoding="UTF-8"?>
<!-- Generated by org.testng.reporters.JUnitReportReporter -->
<testsuite skipped="0" hostname="hp" name="TestRunnerAutoSecond" tests="1" failures="0" timestamp="2023-02-02T23:46:21 IST" time="21.352" errors="0">
  <testcase name="runScenario" time="21.352" classname="TestRunnerAutoSecond"/>
  <system-out/>
</testsuite> <!-- TestRunnerAutoSecond -->
