<?xml version="1.0" encoding="UTF-8"?>
<!-- Generated by org.testng.reporters.JUnitReportReporter -->
<testsuite skipped="0" hostname="hp" name="TestRunnerParameterType" tests="2" failures="0" timestamp="2023-01-22T12:14:58 IST" time="0.281" errors="0">
  <testcase name="runScenario" time="0.047" classname="TestRunnerParameterType"/>
  <system-out/>
  <testcase name="runScenario" time="0.234" classname="TestRunnerParameterType"/>
  <system-out/>
</testsuite> <!-- TestRunnerParameterType -->
