<?xml version="1.0" encoding="UTF-8"?>
<!-- Generated by org.testng.reporters.JUnitReportReporter -->
<testsuite hostname="hp" name="TestRunnerAuto" tests="1" failures="0" timestamp="1 Feb 2023 18:02:33 GMT" time="28.471" errors="0">
  <testcase name="runScenario" time="28.471" classname="TestRunnerAuto"/>
</testsuite> <!-- TestRunnerAuto -->
