<?xml version="1.0" encoding="UTF-8"?>
<!-- Generated by org.testng.reporters.JUnitReportReporter -->
<testsuite skipped="0" hostname="hp" name="TestRunner" tests="1" failures="0" timestamp="2023-01-21T19:36:37 IST" time="0.215" errors="0">
  <testcase name="runScenario" time="0.215" classname="TestRunner"/>
  <system-out/>
</testsuite> <!-- TestRunner -->
